   1               	# 1 "/home/agr/nano-RK/src/kernel/hal/atmega256rfr2/atmel_hw_specific.S"
   1               	#define __SREG__ 0x3f
   1               	...
   0               	
   2               	#define __SP_H__ 0x3e
   3               	#define __SP_L__ 0x3d
   4               	
   5               	
   6               	.global nrk_start_high_ready_task 
   7               	
   8               	nrk_start_high_ready_task:
   9               	
  10:/home/agr/nano-RK/src/kernel/hal/atmega256rfr2/atmel_hw_specific.S **** 	lds r26,nrk_high_ready_TCB		
  11:/home/agr/nano-RK/src/kernel/hal/atmega256rfr2/atmel_hw_specific.S **** 	lds r27,nrk_high_ready_TCB+1
  12               	
  13               	    	;x points to &OSTCB[x]
  14               	    
  15:/home/agr/nano-RK/src/kernel/hal/atmega256rfr2/atmel_hw_specific.S **** 	ld r28,x+
  16:/home/agr/nano-RK/src/kernel/hal/atmega256rfr2/atmel_hw_specific.S **** 	out __SP_L__, r28
  17:/home/agr/nano-RK/src/kernel/hal/atmega256rfr2/atmel_hw_specific.S **** 	ld r29,x+
  18:/home/agr/nano-RK/src/kernel/hal/atmega256rfr2/atmel_hw_specific.S **** 	out __SP_H__, r29
  19               	  
  20:/home/agr/nano-RK/src/kernel/hal/atmega256rfr2/atmel_hw_specific.S **** 	pop r31	
  21:/home/agr/nano-RK/src/kernel/hal/atmega256rfr2/atmel_hw_specific.S **** 	pop r30
  22:/home/agr/nano-RK/src/kernel/hal/atmega256rfr2/atmel_hw_specific.S **** 	pop r29
  23:/home/agr/nano-RK/src/kernel/hal/atmega256rfr2/atmel_hw_specific.S **** 	pop r28
  24:/home/agr/nano-RK/src/kernel/hal/atmega256rfr2/atmel_hw_specific.S **** 	pop r27
  25:/home/agr/nano-RK/src/kernel/hal/atmega256rfr2/atmel_hw_specific.S **** 	pop r26
  26:/home/agr/nano-RK/src/kernel/hal/atmega256rfr2/atmel_hw_specific.S **** 	pop r25
  27:/home/agr/nano-RK/src/kernel/hal/atmega256rfr2/atmel_hw_specific.S **** 	pop r24			
  28:/home/agr/nano-RK/src/kernel/hal/atmega256rfr2/atmel_hw_specific.S **** 	pop r23
  29:/home/agr/nano-RK/src/kernel/hal/atmega256rfr2/atmel_hw_specific.S **** 	pop r22
  30:/home/agr/nano-RK/src/kernel/hal/atmega256rfr2/atmel_hw_specific.S **** 	pop r21
  31:/home/agr/nano-RK/src/kernel/hal/atmega256rfr2/atmel_hw_specific.S **** 	pop r20	
  32:/home/agr/nano-RK/src/kernel/hal/atmega256rfr2/atmel_hw_specific.S **** 	pop r19
  33:/home/agr/nano-RK/src/kernel/hal/atmega256rfr2/atmel_hw_specific.S **** 	pop r18	
  34:/home/agr/nano-RK/src/kernel/hal/atmega256rfr2/atmel_hw_specific.S **** 	pop r17
  35:/home/agr/nano-RK/src/kernel/hal/atmega256rfr2/atmel_hw_specific.S **** 	pop r16
  36:/home/agr/nano-RK/src/kernel/hal/atmega256rfr2/atmel_hw_specific.S **** 	pop r15
  37:/home/agr/nano-RK/src/kernel/hal/atmega256rfr2/atmel_hw_specific.S **** 	pop r14
  38:/home/agr/nano-RK/src/kernel/hal/atmega256rfr2/atmel_hw_specific.S **** 	pop r13
  39:/home/agr/nano-RK/src/kernel/hal/atmega256rfr2/atmel_hw_specific.S **** 	pop r12
  40:/home/agr/nano-RK/src/kernel/hal/atmega256rfr2/atmel_hw_specific.S **** 	pop r11
  41:/home/agr/nano-RK/src/kernel/hal/atmega256rfr2/atmel_hw_specific.S **** 	pop r10
  42:/home/agr/nano-RK/src/kernel/hal/atmega256rfr2/atmel_hw_specific.S **** 	pop r9
  43:/home/agr/nano-RK/src/kernel/hal/atmega256rfr2/atmel_hw_specific.S **** 	pop r8
  44:/home/agr/nano-RK/src/kernel/hal/atmega256rfr2/atmel_hw_specific.S **** 	pop r7
  45:/home/agr/nano-RK/src/kernel/hal/atmega256rfr2/atmel_hw_specific.S **** 	pop r6
  46:/home/agr/nano-RK/src/kernel/hal/atmega256rfr2/atmel_hw_specific.S **** 	pop r5
  47:/home/agr/nano-RK/src/kernel/hal/atmega256rfr2/atmel_hw_specific.S **** 	pop r4
  48:/home/agr/nano-RK/src/kernel/hal/atmega256rfr2/atmel_hw_specific.S **** 	pop r3
  49:/home/agr/nano-RK/src/kernel/hal/atmega256rfr2/atmel_hw_specific.S **** 	pop r2
  50:/home/agr/nano-RK/src/kernel/hal/atmega256rfr2/atmel_hw_specific.S **** 	pop r1
  51:/home/agr/nano-RK/src/kernel/hal/atmega256rfr2/atmel_hw_specific.S **** 	pop r0
  52:/home/agr/nano-RK/src/kernel/hal/atmega256rfr2/atmel_hw_specific.S **** 	out __SREG__, r0
  53:/home/agr/nano-RK/src/kernel/hal/atmega256rfr2/atmel_hw_specific.S **** 	pop r0	
  54               		   
  55:/home/agr/nano-RK/src/kernel/hal/atmega256rfr2/atmel_hw_specific.S ****     	reti 
DEFINED SYMBOLS
/home/agr/nano-RK/src/kernel/hal/atmega256rfr2/atmel_hw_specific.S:8      .text:0000000000000000 nrk_start_high_ready_task

UNDEFINED SYMBOLS
nrk_high_ready_TCB
