   1               		.file	"nrk_status.c"
   2               	__SP_H__ = 0x3e
   3               	__SP_L__ = 0x3d
   4               	__SREG__ = 0x3f
   5               	__RAMPZ__ = 0x3b
   6               	__tmp_reg__ = 0
   7               	__zero_reg__ = 1
   8               		.text
   9               	.Ltext0:
  10               		.cfi_sections	.debug_frame
  11               	.global	_nrk_startup_error
  13               	_nrk_startup_error:
  14               	.LFB2:
  15               		.file 1 "/home/agr/nano-RK/src/kernel/hal/atmega256rfr2/nrk_status.c"
   1:/home/agr/nano-RK/src/kernel/hal/atmega256rfr2/nrk_status.c **** /******************************************************************************
   2:/home/agr/nano-RK/src/kernel/hal/atmega256rfr2/nrk_status.c **** *  Nano-RK, a real-time operating system for sensor networks.
   3:/home/agr/nano-RK/src/kernel/hal/atmega256rfr2/nrk_status.c **** *  Copyright (C) 2007, Real-Time and Multimedia Lab, Carnegie Mellon University
   4:/home/agr/nano-RK/src/kernel/hal/atmega256rfr2/nrk_status.c **** *  All rights reserved.
   5:/home/agr/nano-RK/src/kernel/hal/atmega256rfr2/nrk_status.c **** *
   6:/home/agr/nano-RK/src/kernel/hal/atmega256rfr2/nrk_status.c **** *  This is the Open Source Version of Nano-RK included as part of a Dual
   7:/home/agr/nano-RK/src/kernel/hal/atmega256rfr2/nrk_status.c **** *  Licensing Model. If you are unsure which license to use please refer to:
   8:/home/agr/nano-RK/src/kernel/hal/atmega256rfr2/nrk_status.c **** *  http://www.nanork.org/nano-RK/wiki/Licensing
   9:/home/agr/nano-RK/src/kernel/hal/atmega256rfr2/nrk_status.c **** *
  10:/home/agr/nano-RK/src/kernel/hal/atmega256rfr2/nrk_status.c **** *  This program is free software: you can redistribute it and/or modify
  11:/home/agr/nano-RK/src/kernel/hal/atmega256rfr2/nrk_status.c **** *  it under the terms of the GNU General Public License as published by
  12:/home/agr/nano-RK/src/kernel/hal/atmega256rfr2/nrk_status.c **** *  the Free Software Foundation, version 2.0 of the License.
  13:/home/agr/nano-RK/src/kernel/hal/atmega256rfr2/nrk_status.c **** *
  14:/home/agr/nano-RK/src/kernel/hal/atmega256rfr2/nrk_status.c **** *  This program is distributed in the hope that it will be useful,
  15:/home/agr/nano-RK/src/kernel/hal/atmega256rfr2/nrk_status.c **** *  but WITHOUT ANY WARRANTY; without even the implied warranty of
  16:/home/agr/nano-RK/src/kernel/hal/atmega256rfr2/nrk_status.c **** *  MERCHANTABILITY or FITNESS FOR A PARTICULAR PURPOSE.  See the
  17:/home/agr/nano-RK/src/kernel/hal/atmega256rfr2/nrk_status.c **** *  GNU General Public License for more details.
  18:/home/agr/nano-RK/src/kernel/hal/atmega256rfr2/nrk_status.c **** *
  19:/home/agr/nano-RK/src/kernel/hal/atmega256rfr2/nrk_status.c **** *  You should have received a copy of the GNU General Public License
  20:/home/agr/nano-RK/src/kernel/hal/atmega256rfr2/nrk_status.c **** *  along with this program.  If not, see <http://www.gnu.org/licenses/>.
  21:/home/agr/nano-RK/src/kernel/hal/atmega256rfr2/nrk_status.c **** *
  22:/home/agr/nano-RK/src/kernel/hal/atmega256rfr2/nrk_status.c **** *  Contributing Authors (specific to this file):
  23:/home/agr/nano-RK/src/kernel/hal/atmega256rfr2/nrk_status.c **** *  Anthony Rowe
  24:/home/agr/nano-RK/src/kernel/hal/atmega256rfr2/nrk_status.c **** *******************************************************************************/
  25:/home/agr/nano-RK/src/kernel/hal/atmega256rfr2/nrk_status.c **** 
  26:/home/agr/nano-RK/src/kernel/hal/atmega256rfr2/nrk_status.c **** 
  27:/home/agr/nano-RK/src/kernel/hal/atmega256rfr2/nrk_status.c **** #include <include.h>
  28:/home/agr/nano-RK/src/kernel/hal/atmega256rfr2/nrk_status.c **** #include <nrk_status.h>
  29:/home/agr/nano-RK/src/kernel/hal/atmega256rfr2/nrk_status.c **** #include <nrk_error.h>
  30:/home/agr/nano-RK/src/kernel/hal/atmega256rfr2/nrk_status.c **** 
  31:/home/agr/nano-RK/src/kernel/hal/atmega256rfr2/nrk_status.c **** uint8_t _nrk_startup_error()
  32:/home/agr/nano-RK/src/kernel/hal/atmega256rfr2/nrk_status.c **** {
  16               		.loc 1 32 0
  17               		.cfi_startproc
  18               	/* prologue: function */
  19               	/* frame size = 0 */
  20               	/* stack size = 0 */
  21               	.L__stack_usage = 0
  22               	.LVL0:
  33:/home/agr/nano-RK/src/kernel/hal/atmega256rfr2/nrk_status.c **** uint8_t error;
  34:/home/agr/nano-RK/src/kernel/hal/atmega256rfr2/nrk_status.c **** error=0;
  35:/home/agr/nano-RK/src/kernel/hal/atmega256rfr2/nrk_status.c **** // Use the timer settings that are normally 0 on reset to detect
  36:/home/agr/nano-RK/src/kernel/hal/atmega256rfr2/nrk_status.c **** // if the OS has reboot by accident
  37:/home/agr/nano-RK/src/kernel/hal/atmega256rfr2/nrk_status.c **** 
  38:/home/agr/nano-RK/src/kernel/hal/atmega256rfr2/nrk_status.c **** 
  39:/home/agr/nano-RK/src/kernel/hal/atmega256rfr2/nrk_status.c **** // Check Watchdog timer
  40:/home/agr/nano-RK/src/kernel/hal/atmega256rfr2/nrk_status.c **** if( (MCUSR & (1<<WDRF)) != 0 )
  23               		.loc 1 40 0
  24 0000 04B6      		in __tmp_reg__,0x34
  25 0002 03FC      		sbrc __tmp_reg__,3
  26 0004 00C0      		rjmp .L7
  34:/home/agr/nano-RK/src/kernel/hal/atmega256rfr2/nrk_status.c **** error=0;
  27               		.loc 1 34 0
  28 0006 80E0      		ldi r24,0
  29 0008 00C0      		rjmp .L2
  30               	.L7:
  41:/home/agr/nano-RK/src/kernel/hal/atmega256rfr2/nrk_status.c **** 	{
  42:/home/agr/nano-RK/src/kernel/hal/atmega256rfr2/nrk_status.c **** 	// don't clear wdt
  43:/home/agr/nano-RK/src/kernel/hal/atmega256rfr2/nrk_status.c **** 	error|=0x10;
  31               		.loc 1 43 0
  32 000a 80E1      		ldi r24,lo8(16)
  33               	.L2:
  34               	.LVL1:
  44:/home/agr/nano-RK/src/kernel/hal/atmega256rfr2/nrk_status.c **** 	}
  45:/home/agr/nano-RK/src/kernel/hal/atmega256rfr2/nrk_status.c **** 
  46:/home/agr/nano-RK/src/kernel/hal/atmega256rfr2/nrk_status.c **** 
  47:/home/agr/nano-RK/src/kernel/hal/atmega256rfr2/nrk_status.c **** // Check Brown Out 
  48:/home/agr/nano-RK/src/kernel/hal/atmega256rfr2/nrk_status.c **** if( (MCUSR & (1<<BORF)) != 0 )
  35               		.loc 1 48 0
  36 000c 04B6      		in __tmp_reg__,0x34
  37 000e 02FE      		sbrs __tmp_reg__,2
  38 0010 00C0      		rjmp .L3
  49:/home/agr/nano-RK/src/kernel/hal/atmega256rfr2/nrk_status.c **** 	{
  50:/home/agr/nano-RK/src/kernel/hal/atmega256rfr2/nrk_status.c **** 	MCUSR &= ~(1<<BORF);	
  39               		.loc 1 50 0
  40 0012 94B7      		in r25,0x34
  41 0014 9B7F      		andi r25,lo8(-5)
  42 0016 94BF      		out 0x34,r25
  51:/home/agr/nano-RK/src/kernel/hal/atmega256rfr2/nrk_status.c **** 	// Only add brownout if it isn't the first bootup
  52:/home/agr/nano-RK/src/kernel/hal/atmega256rfr2/nrk_status.c **** 	if( (MCUSR & (1<<PORF)) == 0 )
  43               		.loc 1 52 0
  44 0018 04B6      		in __tmp_reg__,0x34
  45 001a 00FE      		sbrs __tmp_reg__,0
  53:/home/agr/nano-RK/src/kernel/hal/atmega256rfr2/nrk_status.c **** 		error|=0x04;
  46               		.loc 1 53 0
  47 001c 8460      		ori r24,lo8(4)
  48               	.LVL2:
  49               	.L3:
  54:/home/agr/nano-RK/src/kernel/hal/atmega256rfr2/nrk_status.c **** 	}
  55:/home/agr/nano-RK/src/kernel/hal/atmega256rfr2/nrk_status.c **** 
  56:/home/agr/nano-RK/src/kernel/hal/atmega256rfr2/nrk_status.c **** // Check External Reset 
  57:/home/agr/nano-RK/src/kernel/hal/atmega256rfr2/nrk_status.c **** if( (MCUSR & (1<<EXTRF)) != 0 )
  50               		.loc 1 57 0
  51 001e 04B6      		in __tmp_reg__,0x34
  52 0020 01FE      		sbrs __tmp_reg__,1
  53 0022 00C0      		rjmp .L4
  58:/home/agr/nano-RK/src/kernel/hal/atmega256rfr2/nrk_status.c **** 	{
  59:/home/agr/nano-RK/src/kernel/hal/atmega256rfr2/nrk_status.c **** 	MCUSR &= ~(1<<EXTRF);	
  54               		.loc 1 59 0
  55 0024 94B7      		in r25,0x34
  56 0026 9D7F      		andi r25,lo8(-3)
  57 0028 94BF      		out 0x34,r25
  60:/home/agr/nano-RK/src/kernel/hal/atmega256rfr2/nrk_status.c **** 	error|=0x02;
  58               		.loc 1 60 0
  59 002a 8260      		ori r24,lo8(2)
  60               	.LVL3:
  61 002c 0895      		ret
  62               	.L4:
  61:/home/agr/nano-RK/src/kernel/hal/atmega256rfr2/nrk_status.c **** 	}
  62:/home/agr/nano-RK/src/kernel/hal/atmega256rfr2/nrk_status.c **** 
  63:/home/agr/nano-RK/src/kernel/hal/atmega256rfr2/nrk_status.c **** // If any of the above errors went off, then the next errors will
  64:/home/agr/nano-RK/src/kernel/hal/atmega256rfr2/nrk_status.c **** // incorrectly be set!  So make sure to bail early!
  65:/home/agr/nano-RK/src/kernel/hal/atmega256rfr2/nrk_status.c **** if(error!=0) return error;
  63               		.loc 1 65 0
  64 002e 8111      		cpse r24,__zero_reg__
  65 0030 00C0      		rjmp .L5
  66:/home/agr/nano-RK/src/kernel/hal/atmega256rfr2/nrk_status.c **** 
  67:/home/agr/nano-RK/src/kernel/hal/atmega256rfr2/nrk_status.c **** // Check if normal power up state is set and then clear it
  68:/home/agr/nano-RK/src/kernel/hal/atmega256rfr2/nrk_status.c **** if( (MCUSR & (1<<PORF)) != 0 )
  66               		.loc 1 68 0
  67 0032 04B6      		in __tmp_reg__,0x34
  68 0034 00FE      		sbrs __tmp_reg__,0
  69 0036 00C0      		rjmp .L8
  69:/home/agr/nano-RK/src/kernel/hal/atmega256rfr2/nrk_status.c **** 	{
  70:/home/agr/nano-RK/src/kernel/hal/atmega256rfr2/nrk_status.c **** 	MCUSR &= ~(1<<PORF);
  70               		.loc 1 70 0
  71 0038 94B7      		in r25,0x34
  72 003a 9E7F      		andi r25,lo8(-2)
  73 003c 94BF      		out 0x34,r25
  74 003e 00C0      		rjmp .L6
  75               	.L8:
  71:/home/agr/nano-RK/src/kernel/hal/atmega256rfr2/nrk_status.c **** 	}
  72:/home/agr/nano-RK/src/kernel/hal/atmega256rfr2/nrk_status.c **** 	else {
  73:/home/agr/nano-RK/src/kernel/hal/atmega256rfr2/nrk_status.c **** 	error|=0x01;
  76               		.loc 1 73 0
  77 0040 81E0      		ldi r24,lo8(1)
  78               	.LVL4:
  79               	.L6:
  74:/home/agr/nano-RK/src/kernel/hal/atmega256rfr2/nrk_status.c **** 	}
  75:/home/agr/nano-RK/src/kernel/hal/atmega256rfr2/nrk_status.c **** 
  76:/home/agr/nano-RK/src/kernel/hal/atmega256rfr2/nrk_status.c **** // check uart state 
  77:/home/agr/nano-RK/src/kernel/hal/atmega256rfr2/nrk_status.c **** if((volatile uint8_t)TCCR2A!=0) error|=0x01;
  80               		.loc 1 77 0
  81 0042 9091 B000 		lds r25,176
  82 0046 9111      		cpse r25,__zero_reg__
  83 0048 81E0      		ldi r24,lo8(1)
  84               	.LVL5:
  85               	.L5:
  78:/home/agr/nano-RK/src/kernel/hal/atmega256rfr2/nrk_status.c **** 
  79:/home/agr/nano-RK/src/kernel/hal/atmega256rfr2/nrk_status.c **** return error;
  80:/home/agr/nano-RK/src/kernel/hal/atmega256rfr2/nrk_status.c **** }
  86               		.loc 1 80 0
  87 004a 0895      		ret
  88               		.cfi_endproc
  89               	.LFE2:
  91               		.comm	error_num,1,1
  92               		.comm	error_task,1,1
  93               		.comm	_nrk_signal_list,4,1
  94               	.Letext0:
  95               		.file 2 "/home/agr/avr8-gnu-toolchain-linux_x86_64/avr/include/stdint.h"
  96               		.file 3 "/home/agr/nano-RK/src/kernel/include/nrk_events.h"
  97               		.file 4 "/home/agr/nano-RK/src/kernel/include/nrk_error.h"
DEFINED SYMBOLS
                            *ABS*:0000000000000000 nrk_status.c
     /tmp/ccDiH126.s:2      *ABS*:000000000000003e __SP_H__
     /tmp/ccDiH126.s:3      *ABS*:000000000000003d __SP_L__
     /tmp/ccDiH126.s:4      *ABS*:000000000000003f __SREG__
     /tmp/ccDiH126.s:5      *ABS*:000000000000003b __RAMPZ__
     /tmp/ccDiH126.s:6      *ABS*:0000000000000000 __tmp_reg__
     /tmp/ccDiH126.s:7      *ABS*:0000000000000001 __zero_reg__
     /tmp/ccDiH126.s:13     .text:0000000000000000 _nrk_startup_error
                            *COM*:0000000000000001 error_num
                            *COM*:0000000000000001 error_task
                            *COM*:0000000000000004 _nrk_signal_list

UNDEFINED SYMBOLS
__do_clear_bss
